TpTrace Verbose: 0 : 2312, 1, 2021/11/20, 15:00:16.655, 118846367314, vstest.console.dll, Version: 16.11.0
TpTrace Information: 0 : 2312, 1, 2021/11/20, 15:00:16.663, 118846436952, vstest.console.dll, FilePatternParser: The given file \\adir.hull.ac.uk\home\690\690085\Unit Testing\LabFiles\CodeCoverageTest\bin\Debug\netcoreapp3.1\fine-code-coverage\build-output\CodeCoverageTest.dll is a full path.
TpTrace Verbose: 0 : 2312, 1, 2021/11/20, 15:00:16.669, 118846495181, vstest.console.dll, TestPluginCache.DiscoverTestExtensions: finding test extensions in assemblies ends with: RuntimeProvider.dll TPluginInfo: Microsoft.VisualStudio.TestPlatform.Common.ExtensionFramework.Utilities.TestRuntimePluginInformation TExtension: Microsoft.VisualStudio.TestPlatform.ObjectModel.Host.ITestRuntimeProvider
TpTrace Verbose: 0 : 2312, 1, 2021/11/20, 15:00:16.671, 118846510339, vstest.console.dll, TestPluginCache.GetExtensionPaths: Filtered extension paths: 
TpTrace Verbose: 0 : 2312, 1, 2021/11/20, 15:00:16.671, 118846518778, vstest.console.dll, TestPluginCache.GetExtensionPaths: Added default extension paths: C:\Program Files\dotnet\sdk\5.0.403\Extensions\Microsoft.Diagnostics.NETCore.Client.dll
C:\Program Files\dotnet\sdk\5.0.403\Extensions\Microsoft.TestPlatform.Extensions.BlameDataCollector.dll
C:\Program Files\dotnet\sdk\5.0.403\Extensions\Microsoft.TestPlatform.Extensions.EventLogCollector.dll
C:\Program Files\dotnet\sdk\5.0.403\Extensions\Microsoft.TestPlatform.TestHostRuntimeProvider.dll
C:\Program Files\dotnet\sdk\5.0.403\Extensions\Microsoft.VisualStudio.TestPlatform.Extensions.Html.TestLogger.dll
C:\Program Files\dotnet\sdk\5.0.403\Extensions\Microsoft.VisualStudio.TestPlatform.Extensions.Trx.TestLogger.dll
TpTrace Verbose: 0 : 2312, 1, 2021/11/20, 15:00:16.672, 118846528370, vstest.console.dll, TestPluginCache.GetExtensionPaths: Added unfilterableExtensionPaths: 
TpTrace Information: 0 : 2312, 1, 2021/11/20, 15:00:16.674, 118846541986, vstest.console.dll, AssemblyResolver.ctor: Creating AssemblyResolver with searchDirectories C:\Program Files\dotnet\sdk\5.0.403\Extensions,C:\Program Files\dotnet\sdk\5.0.403
TpTrace Verbose: 0 : 2312, 1, 2021/11/20, 15:00:16.675, 118846558494, vstest.console.dll, TestPluginCache.DiscoverTestExtensions: Discovering the extensions using extension path.
TpTrace Verbose: 0 : 2312, 1, 2021/11/20, 15:00:16.677, 118846570346, vstest.console.dll, TestPluginCache.GetExtensionPaths: Filtered extension paths: 
TpTrace Verbose: 0 : 2312, 1, 2021/11/20, 15:00:16.678, 118846580514, vstest.console.dll, TestPluginCache.GetExtensionPaths: Added default extension paths: C:\Program Files\dotnet\sdk\5.0.403\Extensions\Microsoft.Diagnostics.NETCore.Client.dll
C:\Program Files\dotnet\sdk\5.0.403\Extensions\Microsoft.TestPlatform.Extensions.BlameDataCollector.dll
C:\Program Files\dotnet\sdk\5.0.403\Extensions\Microsoft.TestPlatform.Extensions.EventLogCollector.dll
C:\Program Files\dotnet\sdk\5.0.403\Extensions\Microsoft.TestPlatform.TestHostRuntimeProvider.dll
C:\Program Files\dotnet\sdk\5.0.403\Extensions\Microsoft.VisualStudio.TestPlatform.Extensions.Html.TestLogger.dll
C:\Program Files\dotnet\sdk\5.0.403\Extensions\Microsoft.VisualStudio.TestPlatform.Extensions.Trx.TestLogger.dll
TpTrace Verbose: 0 : 2312, 1, 2021/11/20, 15:00:16.678, 118846588632, vstest.console.dll, TestPluginCache.GetExtensionPaths: Added unfilterableExtensionPaths: 
TpTrace Verbose: 0 : 2312, 1, 2021/11/20, 15:00:16.679, 118846598909, vstest.console.dll, TestPluginCache.DiscoverTestExtensions: Discovering the extensions using allExtensionPaths: C:\Program Files\dotnet\sdk\5.0.403\Extensions\Microsoft.Diagnostics.NETCore.Client.dll
C:\Program Files\dotnet\sdk\5.0.403\Extensions\Microsoft.TestPlatform.Extensions.BlameDataCollector.dll
C:\Program Files\dotnet\sdk\5.0.403\Extensions\Microsoft.TestPlatform.Extensions.EventLogCollector.dll
C:\Program Files\dotnet\sdk\5.0.403\Extensions\Microsoft.TestPlatform.TestHostRuntimeProvider.dll
C:\Program Files\dotnet\sdk\5.0.403\Extensions\Microsoft.VisualStudio.TestPlatform.Extensions.Html.TestLogger.dll
C:\Program Files\dotnet\sdk\5.0.403\Extensions\Microsoft.VisualStudio.TestPlatform.Extensions.Trx.TestLogger.dll
TpTrace Information: 0 : 2312, 1, 2021/11/20, 15:00:16.680, 118846608950, vstest.console.dll, AssemblyResolver.AddSearchDirectories: Adding more searchDirectories C:\Program Files\dotnet\sdk\5.0.403\Extensions,C:\Program Files\dotnet\sdk\5.0.403
TpTrace Information: 0 : 2312, 1, 2021/11/20, 15:00:16.681, 118846618225, vstest.console.dll, AssemblyResolver.AddSearchDirectories: Adding more searchDirectories C:\Program Files\dotnet\sdk\5.0.403\Extensions,C:\Program Files\dotnet\sdk\5.0.403
TpTrace Information: 0 : 2312, 1, 2021/11/20, 15:00:16.682, 118846628223, vstest.console.dll, AssemblyResolver.AddSearchDirectories: Adding more searchDirectories C:\Program Files\dotnet\sdk\5.0.403\Extensions,C:\Program Files\dotnet\sdk\5.0.403
TpTrace Information: 0 : 2312, 1, 2021/11/20, 15:00:16.683, 118846634806, vstest.console.dll, AssemblyResolver.AddSearchDirectories: Adding more searchDirectories C:\Program Files\dotnet\sdk\5.0.403\Extensions,C:\Program Files\dotnet\sdk\5.0.403
TpTrace Information: 0 : 2312, 1, 2021/11/20, 15:00:16.684, 118846643287, vstest.console.dll, AssemblyResolver.AddSearchDirectories: Adding more searchDirectories C:\Program Files\dotnet\sdk\5.0.403\Extensions,C:\Program Files\dotnet\sdk\5.0.403
TpTrace Information: 0 : 2312, 1, 2021/11/20, 15:00:16.684, 118846649958, vstest.console.dll, AssemblyResolver.AddSearchDirectories: Adding more searchDirectories C:\Program Files\dotnet\sdk\5.0.403\Extensions,C:\Program Files\dotnet\sdk\5.0.403
TpTrace Information: 0 : 2312, 1, 2021/11/20, 15:00:16.686, 118846661293, vstest.console.dll, AssemblyResolver.OnResolve: Microsoft.Diagnostics.NETCore.Client: Resolving assembly.
TpTrace Information: 0 : 2312, 1, 2021/11/20, 15:00:16.686, 118846668374, vstest.console.dll, AssemblyResolver.OnResolve: Microsoft.Diagnostics.NETCore.Client: Searching in: 'C:\Program Files\dotnet\sdk\5.0.403\Extensions'.
TpTrace Information: 0 : 2312, 1, 2021/11/20, 15:00:16.687, 118846679638, vstest.console.dll, AssemblyResolver.OnResolve: Microsoft.Diagnostics.NETCore.Client: Loading assembly 'C:\Program Files\dotnet\sdk\5.0.403\Extensions\Microsoft.Diagnostics.NETCore.Client.dll'.
TpTrace Information: 0 : 2312, 1, 2021/11/20, 15:00:16.689, 118846698652, vstest.console.dll, AssemblyResolver.OnResolve: Resolved assembly: Microsoft.Diagnostics.NETCore.Client, from path: C:\Program Files\dotnet\sdk\5.0.403\Extensions\Microsoft.Diagnostics.NETCore.Client.dll
TpTrace Information: 0 : 2312, 1, 2021/11/20, 15:00:16.692, 118846726814, vstest.console.dll, AssemblyResolver.OnResolve: Microsoft.Bcl.AsyncInterfaces: Resolving assembly.
TpTrace Information: 0 : 2312, 1, 2021/11/20, 15:00:16.693, 118846735311, vstest.console.dll, AssemblyResolver.OnResolve: Microsoft.Bcl.AsyncInterfaces: Searching in: 'C:\Program Files\dotnet\sdk\5.0.403\Extensions'.
TpTrace Information: 0 : 2312, 1, 2021/11/20, 15:00:16.694, 118846743814, vstest.console.dll, AssemblyResolver.OnResolve: Microsoft.Bcl.AsyncInterfaces: Assembly path does not exist: 'C:\Program Files\dotnet\sdk\5.0.403\Extensions\Microsoft.Bcl.AsyncInterfaces.dll', returning.
TpTrace Information: 0 : 2312, 1, 2021/11/20, 15:00:16.695, 118846750742, vstest.console.dll, AssemblyResolver.OnResolve: Microsoft.Bcl.AsyncInterfaces: Assembly path does not exist: 'C:\Program Files\dotnet\sdk\5.0.403\Extensions\Microsoft.Bcl.AsyncInterfaces.exe', returning.
TpTrace Information: 0 : 2312, 1, 2021/11/20, 15:00:16.695, 118846758436, vstest.console.dll, AssemblyResolver.OnResolve: Microsoft.Bcl.AsyncInterfaces: Searching in: 'C:\Program Files\dotnet\sdk\5.0.403'.
TpTrace Information: 0 : 2312, 1, 2021/11/20, 15:00:16.696, 118846765266, vstest.console.dll, AssemblyResolver.OnResolve: Microsoft.Bcl.AsyncInterfaces: Assembly path does not exist: 'C:\Program Files\dotnet\sdk\5.0.403\Microsoft.Bcl.AsyncInterfaces.dll', returning.
TpTrace Information: 0 : 2312, 1, 2021/11/20, 15:00:16.697, 118846773211, vstest.console.dll, AssemblyResolver.OnResolve: Microsoft.Bcl.AsyncInterfaces: Assembly path does not exist: 'C:\Program Files\dotnet\sdk\5.0.403\Microsoft.Bcl.AsyncInterfaces.exe', returning.
TpTrace Information: 0 : 2312, 1, 2021/11/20, 15:00:16.698, 118846782955, vstest.console.dll, AssemblyResolver.OnResolve: Microsoft.Bcl.AsyncInterfaces: Failed to load assembly.
TpTrace Verbose: 0 : 2312, 1, 2021/11/20, 15:00:16.699, 118846792979, vstest.console.dll, CurrentDomainAssemblyResolve: Resolving assembly 'Microsoft.Bcl.AsyncInterfaces'.
TpTrace Information: 0 : 2312, 1, 2021/11/20, 15:00:16.700, 118846803585, vstest.console.dll, AssemblyResolver.OnResolve: Microsoft.Bcl.AsyncInterfaces: Resolving assembly.
TpTrace Information: 0 : 2312, 1, 2021/11/20, 15:00:16.700, 118846809809, vstest.console.dll, AssemblyResolver.OnResolve: Microsoft.Bcl.AsyncInterfaces: Resolved from cache.
TpTrace Verbose: 0 : 2312, 1, 2021/11/20, 15:00:16.701, 118846818206, vstest.console.dll, CurrentDomainAssemblyResolve: Resolving assembly 'Microsoft.Bcl.AsyncInterfaces'.
TpTrace Verbose: 0 : 2312, 1, 2021/11/20, 15:00:16.702, 118846824563, vstest.console.dll, CurrentDomainAssemblyResolve: Failed to resolve assembly 'Microsoft.Bcl.AsyncInterfaces'.
TpTrace Verbose: 0 : 2312, 1, 2021/11/20, 15:00:16.703, 118846838312, vstest.console.dll, CurrentDomainAssemblyResolve: Failed to resolve assembly 'Microsoft.Bcl.AsyncInterfaces'.
TpTrace Warning: 0 : 2312, 1, 2021/11/20, 15:00:16.716, 118846961116, vstest.console.dll, TestPluginDiscoverer: Failed to get types from assembly 'Microsoft.Diagnostics.NETCore.Client, Version=0.2.2.41902, Culture=neutral, PublicKeyToken=31bf3856ad364e35'.  Skipping test extension scan for this assembly.  Error: System.Reflection.ReflectionTypeLoadException: Unable to load one or more of the requested types.
Could not load file or assembly 'Microsoft.Bcl.AsyncInterfaces, Version=1.0.0.0, Culture=neutral, PublicKeyToken=cc7b13ffcd2ddd51'. The system cannot find the file specified.
   at System.Reflection.RuntimeModule.GetTypes(RuntimeModule module)
   at System.Reflection.RuntimeModule.GetTypes()
   at System.Reflection.Assembly.GetTypes()
   at Microsoft.VisualStudio.TestPlatform.Common.ExtensionFramework.TestPluginDiscoverer.GetTestExtensionsFromAssembly[TPluginInfo,TExtension](Assembly assembly, Dictionary`2 pluginInfos)
System.IO.FileNotFoundException: Could not load file or assembly 'Microsoft.Bcl.AsyncInterfaces, Version=1.0.0.0, Culture=neutral, PublicKeyToken=cc7b13ffcd2ddd51'. The system cannot find the file specified.
File name: 'Microsoft.Bcl.AsyncInterfaces, Version=1.0.0.0, Culture=neutral, PublicKeyToken=cc7b13ffcd2ddd51'
TpTrace Warning: 0 : 2312, 1, 2021/11/20, 15:00:16.717, 118846973392, vstest.console.dll, LoaderExceptions: System.IO.FileNotFoundException: Could not load file or assembly 'Microsoft.Bcl.AsyncInterfaces, Version=1.0.0.0, Culture=neutral, PublicKeyToken=cc7b13ffcd2ddd51'. The system cannot find the file specified.
File name: 'Microsoft.Bcl.AsyncInterfaces, Version=1.0.0.0, Culture=neutral, PublicKeyToken=cc7b13ffcd2ddd51'
TpTrace Information: 0 : 2312, 1, 2021/11/20, 15:00:16.718, 118846982896, vstest.console.dll, AssemblyResolver.OnResolve: Microsoft.TestPlatform.Extensions.BlameDataCollector: Resolving assembly.
TpTrace Information: 0 : 2312, 1, 2021/11/20, 15:00:16.719, 118846992303, vstest.console.dll, AssemblyResolver.OnResolve: Microsoft.TestPlatform.Extensions.BlameDataCollector: Searching in: 'C:\Program Files\dotnet\sdk\5.0.403\Extensions'.
TpTrace Information: 0 : 2312, 1, 2021/11/20, 15:00:16.721, 118847013917, vstest.console.dll, AssemblyResolver.OnResolve: Microsoft.TestPlatform.Extensions.BlameDataCollector: Loading assembly 'C:\Program Files\dotnet\sdk\5.0.403\Extensions\Microsoft.TestPlatform.Extensions.BlameDataCollector.dll'.
TpTrace Information: 0 : 2312, 1, 2021/11/20, 15:00:16.722, 118847027238, vstest.console.dll, AssemblyResolver.OnResolve: Resolved assembly: Microsoft.TestPlatform.Extensions.BlameDataCollector, from path: C:\Program Files\dotnet\sdk\5.0.403\Extensions\Microsoft.TestPlatform.Extensions.BlameDataCollector.dll
TpTrace Information: 0 : 2312, 1, 2021/11/20, 15:00:16.724, 118847040303, vstest.console.dll, AssemblyResolver.OnResolve: Microsoft.TestPlatform.Extensions.EventLogCollector: Resolving assembly.
TpTrace Information: 0 : 2312, 1, 2021/11/20, 15:00:16.724, 118847046525, vstest.console.dll, AssemblyResolver.OnResolve: Microsoft.TestPlatform.Extensions.EventLogCollector: Searching in: 'C:\Program Files\dotnet\sdk\5.0.403\Extensions'.
TpTrace Information: 0 : 2312, 1, 2021/11/20, 15:00:16.725, 118847055529, vstest.console.dll, AssemblyResolver.OnResolve: Microsoft.TestPlatform.Extensions.EventLogCollector: Loading assembly 'C:\Program Files\dotnet\sdk\5.0.403\Extensions\Microsoft.TestPlatform.Extensions.EventLogCollector.dll'.
TpTrace Information: 0 : 2312, 1, 2021/11/20, 15:00:16.726, 118847067658, vstest.console.dll, AssemblyResolver.OnResolve: Resolved assembly: Microsoft.TestPlatform.Extensions.EventLogCollector, from path: C:\Program Files\dotnet\sdk\5.0.403\Extensions\Microsoft.TestPlatform.Extensions.EventLogCollector.dll
TpTrace Information: 0 : 2312, 1, 2021/11/20, 15:00:16.729, 118847092794, vstest.console.dll, AssemblyResolver.OnResolve: Microsoft.TestPlatform.TestHostRuntimeProvider: Resolving assembly.
TpTrace Information: 0 : 2312, 1, 2021/11/20, 15:00:16.729, 118847099510, vstest.console.dll, AssemblyResolver.OnResolve: Microsoft.TestPlatform.TestHostRuntimeProvider: Searching in: 'C:\Program Files\dotnet\sdk\5.0.403\Extensions'.
TpTrace Information: 0 : 2312, 1, 2021/11/20, 15:00:16.731, 118847110081, vstest.console.dll, AssemblyResolver.OnResolve: Microsoft.TestPlatform.TestHostRuntimeProvider: Loading assembly 'C:\Program Files\dotnet\sdk\5.0.403\Extensions\Microsoft.TestPlatform.TestHostRuntimeProvider.dll'.
TpTrace Information: 0 : 2312, 1, 2021/11/20, 15:00:16.732, 118847122033, vstest.console.dll, AssemblyResolver.OnResolve: Resolved assembly: Microsoft.TestPlatform.TestHostRuntimeProvider, from path: C:\Program Files\dotnet\sdk\5.0.403\Extensions\Microsoft.TestPlatform.TestHostRuntimeProvider.dll
TpTrace Information: 0 : 2312, 1, 2021/11/20, 15:00:16.733, 118847138169, vstest.console.dll, AssemblyResolver.OnResolve: Microsoft.VisualStudio.TestPlatform.Extensions.Html.TestLogger: Resolving assembly.
TpTrace Information: 0 : 2312, 1, 2021/11/20, 15:00:16.734, 118847144666, vstest.console.dll, AssemblyResolver.OnResolve: Microsoft.VisualStudio.TestPlatform.Extensions.Html.TestLogger: Searching in: 'C:\Program Files\dotnet\sdk\5.0.403\Extensions'.
TpTrace Information: 0 : 2312, 1, 2021/11/20, 15:00:16.735, 118847154974, vstest.console.dll, AssemblyResolver.OnResolve: Microsoft.VisualStudio.TestPlatform.Extensions.Html.TestLogger: Loading assembly 'C:\Program Files\dotnet\sdk\5.0.403\Extensions\Microsoft.VisualStudio.TestPlatform.Extensions.Html.TestLogger.dll'.
TpTrace Information: 0 : 2312, 1, 2021/11/20, 15:00:16.736, 118847168180, vstest.console.dll, AssemblyResolver.OnResolve: Resolved assembly: Microsoft.VisualStudio.TestPlatform.Extensions.Html.TestLogger, from path: C:\Program Files\dotnet\sdk\5.0.403\Extensions\Microsoft.VisualStudio.TestPlatform.Extensions.Html.TestLogger.dll
TpTrace Information: 0 : 2312, 1, 2021/11/20, 15:00:16.737, 118847176708, vstest.console.dll, AssemblyResolver.OnResolve: Microsoft.VisualStudio.TestPlatform.Extensions.Trx.TestLogger: Resolving assembly.
TpTrace Information: 0 : 2312, 1, 2021/11/20, 15:00:16.738, 118847183298, vstest.console.dll, AssemblyResolver.OnResolve: Microsoft.VisualStudio.TestPlatform.Extensions.Trx.TestLogger: Searching in: 'C:\Program Files\dotnet\sdk\5.0.403\Extensions'.
TpTrace Information: 0 : 2312, 1, 2021/11/20, 15:00:16.739, 118847195834, vstest.console.dll, AssemblyResolver.OnResolve: Microsoft.VisualStudio.TestPlatform.Extensions.Trx.TestLogger: Loading assembly 'C:\Program Files\dotnet\sdk\5.0.403\Extensions\Microsoft.VisualStudio.TestPlatform.Extensions.Trx.TestLogger.dll'.
TpTrace Information: 0 : 2312, 1, 2021/11/20, 15:00:16.741, 118847210019, vstest.console.dll, AssemblyResolver.OnResolve: Resolved assembly: Microsoft.VisualStudio.TestPlatform.Extensions.Trx.TestLogger, from path: C:\Program Files\dotnet\sdk\5.0.403\Extensions\Microsoft.VisualStudio.TestPlatform.Extensions.Trx.TestLogger.dll
TpTrace Verbose: 0 : 2312, 1, 2021/11/20, 15:00:16.742, 118847222874, vstest.console.dll, TestPluginCache: Discovered the extensions using extension path ''.
TpTrace Verbose: 0 : 2312, 1, 2021/11/20, 15:00:16.742, 118847229794, vstest.console.dll, TestPluginCache: Discoverers are ''.
TpTrace Verbose: 0 : 2312, 1, 2021/11/20, 15:00:16.743, 118847237478, vstest.console.dll, TestPluginCache: Executors are ''.
TpTrace Verbose: 0 : 2312, 1, 2021/11/20, 15:00:16.744, 118847247975, vstest.console.dll, TestPluginCache: Executors2 are ''.
TpTrace Verbose: 0 : 2312, 1, 2021/11/20, 15:00:16.745, 118847255865, vstest.console.dll, TestPluginCache: Setting providers are ''.
TpTrace Verbose: 0 : 2312, 1, 2021/11/20, 15:00:16.746, 118847262795, vstest.console.dll, TestPluginCache: Loggers are ''.
TpTrace Information: 0 : 2312, 1, 2021/11/20, 15:00:16.750, 118847301345, vstest.console.dll, RunTestsArgumentProcessor:Execute: Test run is starting.
TpTrace Verbose: 0 : 2312, 1, 2021/11/20, 15:00:16.750, 118847307973, vstest.console.dll, RunTestsArgumentProcessor:Execute: Queuing Test run.
TpTrace Information: 0 : 2312, 1, 2021/11/20, 15:00:16.752, 118847320319, vstest.console.dll, TestRequestManager.RunTests: run tests started.
TpTrace Information: 0 : 2312, 1, 2021/11/20, 15:00:16.774, 118847541727, vstest.console.dll, AssemblyMetadataProvider.GetFrameWork: Determined framework:'.NETCoreApp,Version=v3.1' for source: '\\adir.hull.ac.uk\home\690\690085\Unit Testing\LabFiles\CodeCoverageTest\bin\Debug\netcoreapp3.1\fine-code-coverage\build-output\CodeCoverageTest.dll'
TpTrace Information: 0 : 2312, 1, 2021/11/20, 15:00:16.775, 118847552038, vstest.console.dll, Determined framework for all sources: .NETCoreApp,Version=v3.1
TpTrace Information: 0 : 2312, 1, 2021/11/20, 15:00:16.776, 118847568976, vstest.console.dll, AssemblyMetadataProvider.GetArchitecture: Determined architecture:AnyCPU info for assembly: \\adir.hull.ac.uk\home\690\690085\Unit Testing\LabFiles\CodeCoverageTest\bin\Debug\netcoreapp3.1\fine-code-coverage\build-output\CodeCoverageTest.dll
TpTrace Information: 0 : 2312, 1, 2021/11/20, 15:00:16.779, 118847591568, vstest.console.dll, Determined platform for all sources: X64
TpTrace Information: 0 : 2312, 1, 2021/11/20, 15:00:16.781, 118847617928, vstest.console.dll, Compatible sources list : 
TpTrace Information: 0 : 2312, 1, 2021/11/20, 15:00:16.782, 118847624771, vstest.console.dll, \\adir.hull.ac.uk\home\690\690085\Unit Testing\LabFiles\CodeCoverageTest\bin\Debug\netcoreapp3.1\fine-code-coverage\build-output\CodeCoverageTest.dll
TpTrace Information: 0 : 2312, 1, 2021/11/20, 15:00:16.784, 118847647606, vstest.console.dll, InferRunSettingsHelper.IsTestSettingsEnabled: Unable to navigate to RunSettings/MSTest. Current node: RunSettings
TpTrace Information: 0 : 2312, 1, 2021/11/20, 15:00:16.786, 118847661387, vstest.console.dll, AssemblyResolver.OnResolve: Microsoft.VisualStudio.TestPlatform.Fakes: Resolving assembly.
TpTrace Information: 0 : 2312, 1, 2021/11/20, 15:00:16.786, 118847667600, vstest.console.dll, AssemblyResolver.OnResolve: Microsoft.VisualStudio.TestPlatform.Fakes: Searching in: 'C:\Program Files\dotnet\sdk\5.0.403\Extensions'.
TpTrace Information: 0 : 2312, 1, 2021/11/20, 15:00:16.787, 118847675308, vstest.console.dll, AssemblyResolver.OnResolve: Microsoft.VisualStudio.TestPlatform.Fakes: Assembly path does not exist: 'C:\Program Files\dotnet\sdk\5.0.403\Extensions\Microsoft.VisualStudio.TestPlatform.Fakes.dll', returning.
TpTrace Information: 0 : 2312, 1, 2021/11/20, 15:00:16.788, 118847682385, vstest.console.dll, AssemblyResolver.OnResolve: Microsoft.VisualStudio.TestPlatform.Fakes: Assembly path does not exist: 'C:\Program Files\dotnet\sdk\5.0.403\Extensions\Microsoft.VisualStudio.TestPlatform.Fakes.exe', returning.
TpTrace Information: 0 : 2312, 1, 2021/11/20, 15:00:16.788, 118847689879, vstest.console.dll, AssemblyResolver.OnResolve: Microsoft.VisualStudio.TestPlatform.Fakes: Searching in: 'C:\Program Files\dotnet\sdk\5.0.403'.
TpTrace Information: 0 : 2312, 1, 2021/11/20, 15:00:16.789, 118847697126, vstest.console.dll, AssemblyResolver.OnResolve: Microsoft.VisualStudio.TestPlatform.Fakes: Assembly path does not exist: 'C:\Program Files\dotnet\sdk\5.0.403\Microsoft.VisualStudio.TestPlatform.Fakes.dll', returning.
TpTrace Information: 0 : 2312, 1, 2021/11/20, 15:00:16.790, 118847704647, vstest.console.dll, AssemblyResolver.OnResolve: Microsoft.VisualStudio.TestPlatform.Fakes: Assembly path does not exist: 'C:\Program Files\dotnet\sdk\5.0.403\Microsoft.VisualStudio.TestPlatform.Fakes.exe', returning.
TpTrace Information: 0 : 2312, 1, 2021/11/20, 15:00:16.791, 118847711404, vstest.console.dll, AssemblyResolver.OnResolve: Microsoft.VisualStudio.TestPlatform.Fakes: Failed to load assembly.
TpTrace Information: 0 : 2312, 1, 2021/11/20, 15:00:16.792, 118847722248, vstest.console.dll, Failed to create newly implemented Fakes Configurator. Reason:System.IO.FileNotFoundException: Could not load file or assembly 'Microsoft.VisualStudio.TestPlatform.Fakes, Version=16.0.0.0, Culture=neutral, PublicKeyToken=null'. The system cannot find the file specified.
File name: 'Microsoft.VisualStudio.TestPlatform.Fakes, Version=16.0.0.0, Culture=neutral, PublicKeyToken=null'
   at System.Reflection.RuntimeAssembly.InternalLoad(ObjectHandleOnStack assemblyName, ObjectHandleOnStack requestingAssembly, StackCrawlMarkHandle stackMark, Boolean throwOnFileNotFound, ObjectHandleOnStack assemblyLoadContext, ObjectHandleOnStack retAssembly)
   at System.Reflection.RuntimeAssembly.InternalLoad(AssemblyName assemblyName, RuntimeAssembly requestingAssembly, StackCrawlMark& stackMark, Boolean throwOnFileNotFound, AssemblyLoadContext assemblyLoadContext)
   at System.Reflection.Assembly.Load(AssemblyName assemblyRef)
   at Microsoft.VisualStudio.TestPlatform.Common.Utilities.FakesUtilities.TryGetFakesCrossPlatformDataCollectorConfigurator() 
TpTrace Verbose: 0 : 2312, 1, 2021/11/20, 15:00:16.795, 118847754741, vstest.console.dll, TestPluginCache.DiscoverTestExtensions: finding test extensions in assemblies ends with: TestLogger.dll TPluginInfo: Microsoft.VisualStudio.TestPlatform.Common.ExtensionFramework.Utilities.TestLoggerPluginInformation TExtension: Microsoft.VisualStudio.TestPlatform.ObjectModel.Client.ITestLogger
TpTrace Verbose: 0 : 2312, 1, 2021/11/20, 15:00:16.796, 118847763250, vstest.console.dll, TestPluginCache.GetExtensionPaths: Filtered extension paths: 
TpTrace Verbose: 0 : 2312, 1, 2021/11/20, 15:00:16.796, 118847769497, vstest.console.dll, TestPluginCache.GetExtensionPaths: Added default extension paths: C:\Program Files\dotnet\sdk\5.0.403\Extensions\Microsoft.Diagnostics.NETCore.Client.dll
C:\Program Files\dotnet\sdk\5.0.403\Extensions\Microsoft.TestPlatform.Extensions.BlameDataCollector.dll
C:\Program Files\dotnet\sdk\5.0.403\Extensions\Microsoft.TestPlatform.Extensions.EventLogCollector.dll
C:\Program Files\dotnet\sdk\5.0.403\Extensions\Microsoft.TestPlatform.TestHostRuntimeProvider.dll
C:\Program Files\dotnet\sdk\5.0.403\Extensions\Microsoft.VisualStudio.TestPlatform.Extensions.Html.TestLogger.dll
C:\Program Files\dotnet\sdk\5.0.403\Extensions\Microsoft.VisualStudio.TestPlatform.Extensions.Trx.TestLogger.dll
TpTrace Verbose: 0 : 2312, 1, 2021/11/20, 15:00:16.797, 118847777799, vstest.console.dll, TestPluginCache.GetExtensionPaths: Added unfilterableExtensionPaths: 
TpTrace Information: 0 : 2312, 1, 2021/11/20, 15:00:16.798, 118847786391, vstest.console.dll, AssemblyResolver.AddSearchDirectories: Adding more searchDirectories C:\Program Files\dotnet\sdk\5.0.403\Extensions,C:\Program Files\dotnet\sdk\5.0.403
TpTrace Verbose: 0 : 2312, 1, 2021/11/20, 15:00:16.799, 118847797997, vstest.console.dll, TestPluginCache.DiscoverTestExtensions: Discovering the extensions using extension path.
TpTrace Verbose: 0 : 2312, 1, 2021/11/20, 15:00:16.800, 118847808096, vstest.console.dll, TestPluginCache.GetExtensionPaths: Filtered extension paths: 
TpTrace Verbose: 0 : 2312, 1, 2021/11/20, 15:00:16.801, 118847814714, vstest.console.dll, TestPluginCache.GetExtensionPaths: Added default extension paths: C:\Program Files\dotnet\sdk\5.0.403\Extensions\Microsoft.Diagnostics.NETCore.Client.dll
C:\Program Files\dotnet\sdk\5.0.403\Extensions\Microsoft.TestPlatform.Extensions.BlameDataCollector.dll
C:\Program Files\dotnet\sdk\5.0.403\Extensions\Microsoft.TestPlatform.Extensions.EventLogCollector.dll
C:\Program Files\dotnet\sdk\5.0.403\Extensions\Microsoft.TestPlatform.TestHostRuntimeProvider.dll
C:\Program Files\dotnet\sdk\5.0.403\Extensions\Microsoft.VisualStudio.TestPlatform.Extensions.Html.TestLogger.dll
C:\Program Files\dotnet\sdk\5.0.403\Extensions\Microsoft.VisualStudio.TestPlatform.Extensions.Trx.TestLogger.dll
TpTrace Verbose: 0 : 2312, 1, 2021/11/20, 15:00:16.802, 118847823015, vstest.console.dll, TestPluginCache.GetExtensionPaths: Added unfilterableExtensionPaths: 
TpTrace Verbose: 0 : 2312, 1, 2021/11/20, 15:00:16.803, 118847830194, vstest.console.dll, TestPluginCache.DiscoverTestExtensions: Discovering the extensions using allExtensionPaths: C:\Program Files\dotnet\sdk\5.0.403\Extensions\Microsoft.Diagnostics.NETCore.Client.dll
C:\Program Files\dotnet\sdk\5.0.403\Extensions\Microsoft.TestPlatform.Extensions.BlameDataCollector.dll
C:\Program Files\dotnet\sdk\5.0.403\Extensions\Microsoft.TestPlatform.Extensions.EventLogCollector.dll
C:\Program Files\dotnet\sdk\5.0.403\Extensions\Microsoft.TestPlatform.TestHostRuntimeProvider.dll
C:\Program Files\dotnet\sdk\5.0.403\Extensions\Microsoft.VisualStudio.TestPlatform.Extensions.Html.TestLogger.dll
C:\Program Files\dotnet\sdk\5.0.403\Extensions\Microsoft.VisualStudio.TestPlatform.Extensions.Trx.TestLogger.dll
TpTrace Information: 0 : 2312, 1, 2021/11/20, 15:00:16.803, 118847838140, vstest.console.dll, AssemblyResolver.AddSearchDirectories: Adding more searchDirectories C:\Program Files\dotnet\sdk\5.0.403\Extensions,C:\Program Files\dotnet\sdk\5.0.403
TpTrace Information: 0 : 2312, 1, 2021/11/20, 15:00:16.804, 118847844739, vstest.console.dll, AssemblyResolver.AddSearchDirectories: Adding more searchDirectories C:\Program Files\dotnet\sdk\5.0.403\Extensions,C:\Program Files\dotnet\sdk\5.0.403
TpTrace Information: 0 : 2312, 1, 2021/11/20, 15:00:16.805, 118847853025, vstest.console.dll, AssemblyResolver.AddSearchDirectories: Adding more searchDirectories C:\Program Files\dotnet\sdk\5.0.403\Extensions,C:\Program Files\dotnet\sdk\5.0.403
TpTrace Information: 0 : 2312, 1, 2021/11/20, 15:00:16.806, 118847860988, vstest.console.dll, AssemblyResolver.AddSearchDirectories: Adding more searchDirectories C:\Program Files\dotnet\sdk\5.0.403\Extensions,C:\Program Files\dotnet\sdk\5.0.403
TpTrace Information: 0 : 2312, 1, 2021/11/20, 15:00:16.806, 118847868369, vstest.console.dll, AssemblyResolver.AddSearchDirectories: Adding more searchDirectories C:\Program Files\dotnet\sdk\5.0.403\Extensions,C:\Program Files\dotnet\sdk\5.0.403
TpTrace Information: 0 : 2312, 1, 2021/11/20, 15:00:16.807, 118847878451, vstest.console.dll, AssemblyResolver.AddSearchDirectories: Adding more searchDirectories C:\Program Files\dotnet\sdk\5.0.403\Extensions,C:\Program Files\dotnet\sdk\5.0.403
TpTrace Information: 0 : 2312, 1, 2021/11/20, 15:00:16.809, 118847891830, vstest.console.dll, AssemblyResolver.OnResolve: Microsoft.Bcl.AsyncInterfaces: Resolving assembly.
TpTrace Information: 0 : 2312, 1, 2021/11/20, 15:00:16.809, 118847899829, vstest.console.dll, AssemblyResolver.OnResolve: Microsoft.Bcl.AsyncInterfaces: Resolved from cache.
TpTrace Verbose: 0 : 2312, 1, 2021/11/20, 15:00:16.810, 118847907108, vstest.console.dll, CurrentDomainAssemblyResolve: Resolving assembly 'Microsoft.Bcl.AsyncInterfaces'.
TpTrace Information: 0 : 2312, 1, 2021/11/20, 15:00:16.811, 118847914153, vstest.console.dll, AssemblyResolver.OnResolve: Microsoft.Bcl.AsyncInterfaces: Resolving assembly.
TpTrace Information: 0 : 2312, 1, 2021/11/20, 15:00:16.812, 118847920692, vstest.console.dll, AssemblyResolver.OnResolve: Microsoft.Bcl.AsyncInterfaces: Resolved from cache.
TpTrace Verbose: 0 : 2312, 1, 2021/11/20, 15:00:16.812, 118847928258, vstest.console.dll, CurrentDomainAssemblyResolve: Resolving assembly 'Microsoft.Bcl.AsyncInterfaces'.
TpTrace Verbose: 0 : 2312, 1, 2021/11/20, 15:00:16.813, 118847935237, vstest.console.dll, CurrentDomainAssemblyResolve: Failed to resolve assembly 'Microsoft.Bcl.AsyncInterfaces'.
TpTrace Verbose: 0 : 2312, 1, 2021/11/20, 15:00:16.814, 118847944525, vstest.console.dll, CurrentDomainAssemblyResolve: Failed to resolve assembly 'Microsoft.Bcl.AsyncInterfaces'.
TpTrace Warning: 0 : 2312, 1, 2021/11/20, 15:00:16.815, 118847954196, vstest.console.dll, TestPluginDiscoverer: Failed to get types from assembly 'Microsoft.Diagnostics.NETCore.Client, Version=0.2.2.41902, Culture=neutral, PublicKeyToken=31bf3856ad364e35'.  Skipping test extension scan for this assembly.  Error: System.Reflection.ReflectionTypeLoadException: Unable to load one or more of the requested types.
Could not load file or assembly 'Microsoft.Bcl.AsyncInterfaces, Version=1.0.0.0, Culture=neutral, PublicKeyToken=cc7b13ffcd2ddd51'. The system cannot find the file specified.
   at System.Reflection.RuntimeModule.GetTypes(RuntimeModule module)
   at System.Reflection.RuntimeModule.GetTypes()
   at System.Reflection.Assembly.GetTypes()
   at Microsoft.VisualStudio.TestPlatform.Common.ExtensionFramework.TestPluginDiscoverer.GetTestExtensionsFromAssembly[TPluginInfo,TExtension](Assembly assembly, Dictionary`2 pluginInfos)
System.IO.FileNotFoundException: Could not load file or assembly 'Microsoft.Bcl.AsyncInterfaces, Version=1.0.0.0, Culture=neutral, PublicKeyToken=cc7b13ffcd2ddd51'. The system cannot find the file specified.
File name: 'Microsoft.Bcl.AsyncInterfaces, Version=1.0.0.0, Culture=neutral, PublicKeyToken=cc7b13ffcd2ddd51'
TpTrace Warning: 0 : 2312, 1, 2021/11/20, 15:00:16.816, 118847963395, vstest.console.dll, LoaderExceptions: System.IO.FileNotFoundException: Could not load file or assembly 'Microsoft.Bcl.AsyncInterfaces, Version=1.0.0.0, Culture=neutral, PublicKeyToken=cc7b13ffcd2ddd51'. The system cannot find the file specified.
File name: 'Microsoft.Bcl.AsyncInterfaces, Version=1.0.0.0, Culture=neutral, PublicKeyToken=cc7b13ffcd2ddd51'
TpTrace Verbose: 0 : 2312, 1, 2021/11/20, 15:00:16.817, 118847972402, vstest.console.dll, TestPluginCache: Discovered the extensions using extension path ''.
TpTrace Verbose: 0 : 2312, 1, 2021/11/20, 15:00:16.817, 118847979833, vstest.console.dll, TestPluginCache: Discoverers are ''.
TpTrace Verbose: 0 : 2312, 1, 2021/11/20, 15:00:16.818, 118847988468, vstest.console.dll, TestPluginCache: Executors are ''.
TpTrace Verbose: 0 : 2312, 1, 2021/11/20, 15:00:16.819, 118847998195, vstest.console.dll, TestPluginCache: Executors2 are ''.
TpTrace Verbose: 0 : 2312, 1, 2021/11/20, 15:00:16.820, 118848004657, vstest.console.dll, TestPluginCache: Setting providers are ''.
TpTrace Verbose: 0 : 2312, 1, 2021/11/20, 15:00:16.821, 118848013597, vstest.console.dll, TestPluginCache: Loggers are 'logger://Microsoft/TestPlatform/Extensions/Blame/v1,logger://Microsoft/TestPlatform/HtmlLogger/v1,logger://Microsoft/TestPlatform/TrxLogger/v1'.
TpTrace Information: 0 : 2312, 1, 2021/11/20, 15:00:16.822, 118848027364, vstest.console.dll, TestPluginManager.CreateTestExtension: Attempting to load test extension: Microsoft.TestPlatform.Extensions.BlameDataCollector.BlameLogger
TpTrace Information: 0 : 2312, 1, 2021/11/20, 15:00:16.829, 118848093758, vstest.console.dll, TestPluginManager.CreateTestExtension: Attempting to load test extension: Microsoft.VisualStudio.TestPlatform.CrossPlatEngine.Hosting.DefaultTestHostManager
TpTrace Information: 0 : 2312, 1, 2021/11/20, 15:00:16.830, 118848105185, vstest.console.dll, TestPluginManager.CreateTestExtension: Attempting to load test extension: Microsoft.VisualStudio.TestPlatform.CrossPlatEngine.Hosting.DotnetTestHostManager
TpTrace Verbose: 0 : 2312, 1, 2021/11/20, 15:00:16.831, 118848116918, vstest.console.dll, TestEngine: Initializing Parallel Execution as MaxCpuCount is set to: 1
TpTrace Information: 0 : 2312, 1, 2021/11/20, 15:00:16.832, 118848128590, vstest.console.dll, InferRunSettingsHelper.IsTestSettingsEnabled: Unable to navigate to RunSettings/MSTest. Current node: RunSettings
TpTrace Verbose: 0 : 2312, 1, 2021/11/20, 15:00:16.843, 118848230269, vstest.console.dll, TestRequestSender is acting as server
TpTrace Verbose: 0 : 2312, 4, 2021/11/20, 15:00:16.846, 118848260515, vstest.console.dll, DataCollectionRequestSender.InitializeCommunication : Initialize communication. 
TpTrace Information: 0 : 2312, 4, 2021/11/20, 15:00:16.853, 118848331523, vstest.console.dll, Listening on Endpoint : 127.0.0.1:54717
TpTrace Verbose: 0 : 2312, 4, 2021/11/20, 15:00:16.860, 118848408886, vstest.console.dll, DotnetDataCollectionLauncher: Full path of dotnet.exe is C:\Program Files\dotnet\dotnet.exe
TpTrace Verbose: 0 : 2312, 4, 2021/11/20, 15:00:16.861, 118848419141, vstest.console.dll, DotnetDataCollectionLauncher: Adding  --runtimeconfig "C:\Program Files\dotnet\sdk\5.0.403\datacollector.runtimeconfig.json" in args
TpTrace Verbose: 0 : 2312, 4, 2021/11/20, 15:00:16.862, 118848428815, vstest.console.dll, DotnetDataCollectionLauncher: Adding  --depsfile "C:\Program Files\dotnet\sdk\5.0.403\datacollector.deps.json" in args
TpTrace Information: 0 : 2312, 4, 2021/11/20, 15:00:16.870, 118848500489, vstest.console.dll, ProxyDataCollectionManager.Initialize: Launched datacollector processId: 16140 port: 54717
TpTrace Information: 0 : 2312, 4, 2021/11/20, 15:00:16.871, 118848514079, vstest.console.dll, ProxyDataCollectionManager.Initialize: waiting for connection with timeout: 90 seconds
TpTrace Verbose: 0 : 2312, 4, 2021/11/20, 15:00:16.872, 118848523376, vstest.console.dll, DataCollectionRequestSender.WaitForRequestHandlerConnection : Waiting for connection with timeout: 90000
TpTrace Information: 0 : 2312, 7, 2021/11/20, 15:00:16.996, 118849760268, vstest.console.dll, Using the buffer size of 16384 bytes
TpTrace Verbose: 0 : 2312, 4, 2021/11/20, 15:00:16.996, 118849760720, vstest.console.dll, ProxyDataCollectionManager.InvokeDataCollectionServiceAction: Starting.
TpTrace Information: 0 : 2312, 7, 2021/11/20, 15:00:16.997, 118849773253, vstest.console.dll, Accepted Client request and set the flag
TpTrace Information: 0 : 2312, 4, 2021/11/20, 15:00:16.998, 118849781754, vstest.console.dll, ProxyDataCollectionManager.BeforeTestRunStart: Get environment variable and port for datacollector processId: 16140 port: 54717
TpTrace Verbose: 0 : 2312, 4, 2021/11/20, 15:00:16.999, 118849795099, vstest.console.dll, DataCollectionRequestSender.SendBeforeTestRunStartAndGetResult : Send BeforeTestRunStart message with settingsXml <RunSettings><RunConfiguration><ResultsDirectory>\\adir.hull.ac.uk\home\690\690085\Unit Testing\LabFiles\CodeCoverageTest\bin\Debug\netcoreapp3.1\fine-code-coverage\coverage-tool-output</ResultsDirectory><TargetPlatform>X64</TargetPlatform><TargetFrameworkVersion>.NETCoreApp,Version=v3.1</TargetFrameworkVersion><DesignMode>False</DesignMode><CollectSourceInformation>False</CollectSourceInformation><TestAdaptersPaths>C:\Program Files\dotnet\sdk\5.0.403\Extensions</TestAdaptersPaths></RunConfiguration><LoggerRunSettings><Loggers><Logger friendlyName="blame" enabled="True" /><Logger friendlyName="Console" uri="logger://microsoft/TestPlatform/ConsoleLogger/v1" assemblyQualifiedName="Microsoft.VisualStudio.TestPlatform.CommandLine.Internal.ConsoleLogger, vstest.console, Version=15.0.0.0, Culture=neutral, PublicKeyToken=b03f5f7f11d50a3a" codeBase="C:\Program Files\dotnet\sdk\5.0.403\vstest.console.dll" enabled="True" /></Loggers></LoggerRunSettings><DataCollectionRunSettings><DataCollectors><DataCollector friendlyName="blame" enabled="True"><Configuration><ResultsDirectory>\\adir.hull.ac.uk\home\690\690085\Unit Testing\LabFiles\CodeCoverageTest\bin\Debug\netcoreapp3.1\fine-code-coverage\coverage-tool-output</ResultsDirectory></Configuration></DataCollector></DataCollectors></DataCollectionRunSettings></RunSettings> and sources System.Linq.Enumerable+Concat2Iterator`1[System.String]: 
TpTrace Verbose: 0 : 2312, 4, 2021/11/20, 15:00:17.043, 118850239773, vstest.console.dll, DataCollectionRequestSender.SendBeforeTestRunStartAndGetResult : Received message: (DataCollection.SendMessage) -> {
  "FriendlyName": null,
  "Uri": null,
  "TestCaseId": "00000000-0000-0000-0000-000000000000",
  "Message": "Logging DataCollector Diagnostics in file: \\\\adir.hull.ac.uk\\home\\690\\690085\\Unit Testing\\LabFiles\\CodeCoverageTest\\bin\\Debug\\netcoreapp3.1\\fine-code-coverage\\coverage-tool-output\\diagnostics.datacollector.21-11-20_15-00-16_85788_4.log",
  "Level": 0
}
TpTrace Verbose: 0 : 2312, 4, 2021/11/20, 15:00:17.138, 118851182760, vstest.console.dll, DataCollectionRequestSender.SendBeforeTestRunStartAndGetResult : Received message: (DataCollection.BeforeTestRunStartResult) -> {
  "EnvironmentVariables": {},
  "DataCollectionEventsPort": 54719
}
TpTrace Information: 0 : 2312, 4, 2021/11/20, 15:00:17.141, 118851216035, vstest.console.dll, ProxyDataCollectionManager.BeforeTestRunStart: SendBeforeTestRunStartAndGetResult successful, env variable from datacollector:   and testhost port: 54719
TpTrace Information: 0 : 2312, 4, 2021/11/20, 15:00:17.142, 118851223690, vstest.console.dll, ProxyDataCollectionManager.InvokeDataCollectionServiceAction: Completed.
TpTrace Verbose: 0 : 2312, 1, 2021/11/20, 15:00:17.143, 118851234246, vstest.console.dll, TestRunRequest.ExecuteAsync: Creating test run request.
TpTrace Verbose: 0 : 2312, 1, 2021/11/20, 15:00:17.144, 118851244853, vstest.console.dll, TestRunRequest.ExecuteAsync: Starting.
TpTrace Information: 0 : 2312, 1, 2021/11/20, 15:00:17.145, 118851255327, vstest.console.dll, TestRunRequest.ExecuteAsync: Starting run with settings:TestRunCriteria:
   KeepAlive=False,FrequencyOfRunStatsChangeEvent=10,RunStatsChangeEventTimeout=00:00:01.5000000,TestCaseFilter=,TestExecutorLauncher=
   Settingsxml=<RunSettings>
  <RunConfiguration>
    <ResultsDirectory>\\adir.hull.ac.uk\home\690\690085\Unit Testing\LabFiles\CodeCoverageTest\bin\Debug\netcoreapp3.1\fine-code-coverage\coverage-tool-output</ResultsDirectory>
    <TargetPlatform>X64</TargetPlatform>
    <TargetFrameworkVersion>.NETCoreApp,Version=v3.1</TargetFrameworkVersion>
    <DesignMode>False</DesignMode>
    <CollectSourceInformation>False</CollectSourceInformation>
  </RunConfiguration>
  <LoggerRunSettings>
    <Loggers>
      <Logger friendlyName="blame" enabled="True" />
      <Logger friendlyName="Console" uri="logger://microsoft/TestPlatform/ConsoleLogger/v1" assemblyQualifiedName="Microsoft.VisualStudio.TestPlatform.CommandLine.Internal.ConsoleLogger, vstest.console, Version=15.0.0.0, Culture=neutral, PublicKeyToken=b03f5f7f11d50a3a" codeBase="C:\Program Files\dotnet\sdk\5.0.403\vstest.console.dll" enabled="True" />
    </Loggers>
  </LoggerRunSettings>
  <DataCollectionRunSettings>
    <DataCollectors>
      <DataCollector friendlyName="blame" enabled="True">
        <Configuration>
          <ResultsDirectory>\\adir.hull.ac.uk\home\690\690085\Unit Testing\LabFiles\CodeCoverageTest\bin\Debug\netcoreapp3.1\fine-code-coverage\coverage-tool-output</ResultsDirectory>
        </Configuration>
      </DataCollector>
    </DataCollectors>
  </DataCollectionRunSettings>
</RunSettings>

TpTrace Verbose: 0 : 2312, 1, 2021/11/20, 15:00:17.146, 118851263661, vstest.console.dll, TestRunRequest.ExecuteAsync: Wait for the first run request is over.
TpTrace Verbose: 0 : 2312, 1, 2021/11/20, 15:00:17.147, 118851272426, vstest.console.dll, ParallelProxyExecutionManager: Start execution. Total sources: 1
TpTrace Information: 0 : 2312, 1, 2021/11/20, 15:00:17.148, 118851283131, vstest.console.dll, ProxyParallelExecutionManager: Triggering test run for next source: \\adir.hull.ac.uk\home\690\690085\Unit Testing\LabFiles\CodeCoverageTest\bin\Debug\netcoreapp3.1\fine-code-coverage\build-output\CodeCoverageTest.dll
TpTrace Verbose: 0 : 2312, 4, 2021/11/20, 15:00:17.149, 118851294243, vstest.console.dll, ParallelProxyExecutionManager: Execution started. Started clients: 1
TpTrace Verbose: 0 : 2312, 1, 2021/11/20, 15:00:17.149, 118851294340, vstest.console.dll, ProxyParallelExecutionManager: No sources available for execution.
TpTrace Information: 0 : 2312, 1, 2021/11/20, 15:00:17.150, 118851309392, vstest.console.dll, TestRunRequest.ExecuteAsync: Started.
TpTrace Verbose: 0 : 2312, 4, 2021/11/20, 15:00:17.150, 118851304622, vstest.console.dll, TestRunRequest:SendTestRunMessage: Starting.
TpTrace Verbose: 0 : 2312, 1, 2021/11/20, 15:00:17.151, 118851318357, vstest.console.dll, TestRunRequest.WaitForCompletion: Waiting with timeout -1.
TpTrace Information: 0 : 2312, 4, 2021/11/20, 15:00:17.151, 118851318626, vstest.console.dll, TestRunRequest:SendTestRunMessage: Completed.
TpTrace Verbose: 0 : 2312, 4, 2021/11/20, 15:00:17.153, 118851335746, vstest.console.dll, ProxyExecutionManager: Test host is always Lazy initialize.
TpTrace Verbose: 0 : 2312, 4, 2021/11/20, 15:00:17.154, 118851344235, vstest.console.dll, TestRequestSender.InitializeCommunication: initialize communication. 
TpTrace Information: 0 : 2312, 4, 2021/11/20, 15:00:17.155, 118851353484, vstest.console.dll, SocketServer.Start: Listening on endpoint : 127.0.0.1:54720
TpTrace Verbose: 0 : 2312, 4, 2021/11/20, 15:00:17.156, 118851364965, vstest.console.dll, DotnetTestHostmanager: Adding  --runtimeconfig "\\adir.hull.ac.uk\home\690\690085\Unit Testing\LabFiles\CodeCoverageTest\bin\Debug\netcoreapp3.1\fine-code-coverage\build-output\CodeCoverageTest.runtimeconfig.json" in args
TpTrace Verbose: 0 : 2312, 4, 2021/11/20, 15:00:17.157, 118851373807, vstest.console.dll, DotnetTestHostmanager: Adding  --depsfile "\\adir.hull.ac.uk\home\690\690085\Unit Testing\LabFiles\CodeCoverageTest\bin\Debug\netcoreapp3.1\fine-code-coverage\build-output\CodeCoverageTest.deps.json" in args
TpTrace Information: 0 : 2312, 4, 2021/11/20, 15:00:17.158, 118851384690, vstest.console.dll, AssemblyResolver.OnResolve: Microsoft.Extensions.DependencyModel: Resolving assembly.
TpTrace Information: 0 : 2312, 4, 2021/11/20, 15:00:17.159, 118851393251, vstest.console.dll, AssemblyResolver.OnResolve: Microsoft.Extensions.DependencyModel: Searching in: 'C:\Program Files\dotnet\sdk\5.0.403\Extensions'.
TpTrace Information: 0 : 2312, 4, 2021/11/20, 15:00:17.160, 118851400499, vstest.console.dll, AssemblyResolver.OnResolve: Microsoft.Extensions.DependencyModel: Assembly path does not exist: 'C:\Program Files\dotnet\sdk\5.0.403\Extensions\Microsoft.Extensions.DependencyModel.dll', returning.
TpTrace Information: 0 : 2312, 4, 2021/11/20, 15:00:17.160, 118851409877, vstest.console.dll, AssemblyResolver.OnResolve: Microsoft.Extensions.DependencyModel: Assembly path does not exist: 'C:\Program Files\dotnet\sdk\5.0.403\Extensions\Microsoft.Extensions.DependencyModel.exe', returning.
TpTrace Information: 0 : 2312, 4, 2021/11/20, 15:00:17.161, 118851417817, vstest.console.dll, AssemblyResolver.OnResolve: Microsoft.Extensions.DependencyModel: Searching in: 'C:\Program Files\dotnet\sdk\5.0.403'.
TpTrace Information: 0 : 2312, 4, 2021/11/20, 15:00:17.162, 118851428818, vstest.console.dll, AssemblyResolver.OnResolve: Microsoft.Extensions.DependencyModel: Loading assembly 'C:\Program Files\dotnet\sdk\5.0.403\Microsoft.Extensions.DependencyModel.dll'.
TpTrace Information: 0 : 2312, 4, 2021/11/20, 15:00:17.164, 118851443600, vstest.console.dll, AssemblyResolver.OnResolve: Resolved assembly: Microsoft.Extensions.DependencyModel, from path: C:\Program Files\dotnet\sdk\5.0.403\Microsoft.Extensions.DependencyModel.dll
TpTrace Verbose: 0 : 2312, 4, 2021/11/20, 15:00:17.165, 118851452399, vstest.console.dll, DotnetTestHostmanager: Reading file \\adir.hull.ac.uk\home\690\690085\Unit Testing\LabFiles\CodeCoverageTest\bin\Debug\netcoreapp3.1\fine-code-coverage\build-output\CodeCoverageTest.deps.json to get path of testhost.dll
TpTrace Verbose: 0 : 2312, 4, 2021/11/20, 15:00:17.192, 118851721067, vstest.console.dll, DotnetTestHostmanager: Relative path of testhost.dll with respect to package folder is microsoft.testplatform.testhost/16.5.0\lib/netcoreapp2.1/testhost.dll
TpTrace Verbose: 0 : 2312, 4, 2021/11/20, 15:00:17.195, 118851759145, vstest.console.dll, DotnetTestHostmanager: Looking for path microsoft.testplatform.testhost/16.5.0\lib/netcoreapp2.1/testhost.dll in folder C:\Users\690085\.dotnet\store\|arch|\|tfm|
TpTrace Verbose: 0 : 2312, 4, 2021/11/20, 15:00:17.196, 118851769745, vstest.console.dll, DotnetTestHostmanager: Looking for path microsoft.testplatform.testhost/16.5.0\lib/netcoreapp2.1/testhost.dll in folder C:\Users\690085\.nuget\packages
TpTrace Verbose: 0 : 2312, 4, 2021/11/20, 15:00:17.198, 118851786056, vstest.console.dll, DotnetTestHostManager: Testhost.exe/testhost.x86.exe found at path: C:\Users\690085\.nuget\packages\microsoft.testplatform.testhost\16.5.0\build\netcoreapp2.1\x64\testhost.exe
TpTrace Verbose: 0 : 2312, 4, 2021/11/20, 15:00:17.199, 118851798158, vstest.console.dll, DotnetTestHostmanager: Full path of host exe is C:\Users\690085\.nuget\packages\microsoft.testplatform.testhost\16.5.0\build\netcoreapp2.1\x64\testhost.exe
TpTrace Verbose: 0 : 2312, 6, 2021/11/20, 15:00:17.201, 118851811624, vstest.console.dll, DotnetTestHostManager: Starting process 'C:\Users\690085\.nuget\packages\microsoft.testplatform.testhost\16.5.0\build\netcoreapp2.1\x64\testhost.exe' with command line ' --runtimeconfig "\\adir.hull.ac.uk\home\690\690085\Unit Testing\LabFiles\CodeCoverageTest\bin\Debug\netcoreapp3.1\fine-code-coverage\build-output\CodeCoverageTest.runtimeconfig.json" --depsfile "\\adir.hull.ac.uk\home\690\690085\Unit Testing\LabFiles\CodeCoverageTest\bin\Debug\netcoreapp3.1\fine-code-coverage\build-output\CodeCoverageTest.deps.json" --port 54720 --endpoint 127.0.0.1:054720 --role client --parentprocessid 2312 --diag "\\adir.hull.ac.uk\home\690\690085\Unit Testing\LabFiles\CodeCoverageTest\bin\Debug\netcoreapp3.1\fine-code-coverage\coverage-tool-output\diagnostics.host.21-11-20_15-00-17_15613_4.log" --tracelevel 4 --datacollectionport 54719 --telemetryoptedin false'
TpTrace Verbose: 0 : 2312, 6, 2021/11/20, 15:00:17.206, 118851865208, vstest.console.dll, Test Runtime launched
TpTrace Verbose: 0 : 2312, 4, 2021/11/20, 15:00:17.207, 118851878033, vstest.console.dll, TestRequestSender.WaitForRequestHandlerConnection: waiting for connection with timeout: 90000
TpTrace Verbose: 0 : 2312, 6, 2021/11/20, 15:00:17.358, 118853384262, vstest.console.dll, SocketServer.OnClientConnected: Client connected for endPoint: 127.0.0.1:54720, starting MessageLoopAsync:
TpTrace Verbose: 0 : 2312, 6, 2021/11/20, 15:00:17.359, 118853395337, vstest.console.dll, TcpClientExtensions.MessageLoopAsync: Polling on remoteEndPoint: 127.0.0.1:54721 localEndPoint: 127.0.0.1:54720
TpTrace Verbose: 0 : 2312, 6, 2021/11/20, 15:00:17.466, 118854461126, vstest.console.dll, TcpClientExtensions.MessageLoopAsync: NotifyDataAvailable remoteEndPoint: 127.0.0.1:54721 localEndPoint: 127.0.0.1:54720
TpTrace Verbose: 0 : 2312, 6, 2021/11/20, 15:00:17.467, 118854475050, vstest.console.dll, TestRequestSender.CheckVersionWithTestHost: onMessageReceived received message: (ProtocolVersion) -> 2
TpTrace Verbose: 0 : 2312, 6, 2021/11/20, 15:00:17.468, 118854486107, vstest.console.dll, TcpClientExtensions.MessageLoopAsync: Polling on remoteEndPoint: 127.0.0.1:54721 localEndPoint: 127.0.0.1:54720
TpTrace Verbose: 0 : 2312, 4, 2021/11/20, 15:00:17.468, 118854487076, vstest.console.dll, TestPluginCache.GetExtensionPaths: Filtered extension paths: 
TpTrace Verbose: 0 : 2312, 4, 2021/11/20, 15:00:17.470, 118854500104, vstest.console.dll, TestPluginCache.GetExtensionPaths: Added default extension paths: C:\Program Files\dotnet\sdk\5.0.403\Extensions\Microsoft.Diagnostics.NETCore.Client.dll
C:\Program Files\dotnet\sdk\5.0.403\Extensions\Microsoft.TestPlatform.Extensions.BlameDataCollector.dll
C:\Program Files\dotnet\sdk\5.0.403\Extensions\Microsoft.TestPlatform.Extensions.EventLogCollector.dll
C:\Program Files\dotnet\sdk\5.0.403\Extensions\Microsoft.TestPlatform.TestHostRuntimeProvider.dll
C:\Program Files\dotnet\sdk\5.0.403\Extensions\Microsoft.VisualStudio.TestPlatform.Extensions.Html.TestLogger.dll
C:\Program Files\dotnet\sdk\5.0.403\Extensions\Microsoft.VisualStudio.TestPlatform.Extensions.Trx.TestLogger.dll
TpTrace Verbose: 0 : 2312, 4, 2021/11/20, 15:00:17.470, 118854508775, vstest.console.dll, TestPluginCache.GetExtensionPaths: Added unfilterableExtensionPaths: 
TpTrace Verbose: 0 : 2312, 6, 2021/11/20, 15:00:17.474, 118854549313, vstest.console.dll, TcpClientExtensions.MessageLoopAsync: NotifyDataAvailable remoteEndPoint: 127.0.0.1:54721 localEndPoint: 127.0.0.1:54720
TpTrace Verbose: 0 : 2312, 4, 2021/11/20, 15:00:17.475, 118854557711, vstest.console.dll, TestRequestSender.InitializeExecution: Sending initializing execution with message: {"Version":2,"MessageType":"TestExecution.Initialize","Payload":["\\\\adir.hull.ac.uk\\home\\690\\690085\\Unit Testing\\LabFiles\\CodeCoverageTest\\bin\\Debug\\netcoreapp3.1\\fine-code-coverage\\build-output\\Microsoft.VisualStudio.TestPlatform.MSTest.TestAdapter.dll"]}
TpTrace Verbose: 0 : 2312, 6, 2021/11/20, 15:00:17.476, 118854562287, vstest.console.dll, TcpClientExtensions.MessageLoopAsync: Polling on remoteEndPoint: 127.0.0.1:54721 localEndPoint: 127.0.0.1:54720
TpTrace Verbose: 0 : 2312, 6, 2021/11/20, 15:00:17.479, 118854591124, vstest.console.dll, TcpClientExtensions.MessageLoopAsync: NotifyDataAvailable remoteEndPoint: 127.0.0.1:54721 localEndPoint: 127.0.0.1:54720
TpTrace Verbose: 0 : 2312, 6, 2021/11/20, 15:00:17.479, 118854598253, vstest.console.dll, TestRequestSender.OnExecutionMessageReceived: Received message: {"Version":2,"MessageType":"TestSession.Message","Payload":{"MessageLevel":0,"Message":"Logging TestHost Diagnostics in file: \\\\adir.hull.ac.uk\\home\\690\\690085\\Unit Testing\\LabFiles\\CodeCoverageTest\\bin\\Debug\\netcoreapp3.1\\fine-code-coverage\\coverage-tool-output\\diagnostics.host.21-11-20_15-00-17_15613_4.log"}}
TpTrace Verbose: 0 : 2312, 6, 2021/11/20, 15:00:17.482, 118854623290, vstest.console.dll, TestRunRequest:SendTestRunMessage: Starting.
TpTrace Information: 0 : 2312, 6, 2021/11/20, 15:00:17.483, 118854630225, vstest.console.dll, TestRunRequest:SendTestRunMessage: Completed.
TpTrace Verbose: 0 : 2312, 6, 2021/11/20, 15:00:17.484, 118854643515, vstest.console.dll, TcpClientExtensions.MessageLoopAsync: Polling on remoteEndPoint: 127.0.0.1:54721 localEndPoint: 127.0.0.1:54720
TpTrace Verbose: 0 : 2312, 4, 2021/11/20, 15:00:17.483, 118854637031, vstest.console.dll, TestRequestSender.StartTestRun: Sending test run with message: {"Version":2,"MessageType":"TestExecution.StartWithSources","Payload":{"AdapterSourceMap":{"_none_":["\\\\adir.hull.ac.uk\\home\\690\\690085\\Unit Testing\\LabFiles\\CodeCoverageTest\\bin\\Debug\\netcoreapp3.1\\fine-code-coverage\\build-output\\CodeCoverageTest.dll"]},"RunSettings":"<RunSettings>\r\n  <RunConfiguration>\r\n    <ResultsDirectory>\\\\adir.hull.ac.uk\\home\\690\\690085\\Unit Testing\\LabFiles\\CodeCoverageTest\\bin\\Debug\\netcoreapp3.1\\fine-code-coverage\\coverage-tool-output</ResultsDirectory>\r\n    <TargetPlatform>X64</TargetPlatform>\r\n    <TargetFrameworkVersion>.NETCoreApp,Version=v3.1</TargetFrameworkVersion>\r\n    <DesignMode>False</DesignMode>\r\n    <CollectSourceInformation>False</CollectSourceInformation>\r\n  </RunConfiguration>\r\n  <LoggerRunSettings>\r\n    <Loggers>\r\n      <Logger friendlyName=\"blame\" enabled=\"True\" />\r\n      <Logger friendlyName=\"Console\" uri=\"logger://microsoft/TestPlatform/ConsoleLogger/v1\" assemblyQualifiedName=\"Microsoft.VisualStudio.TestPlatform.CommandLine.Internal.ConsoleLogger, vstest.console, Version=15.0.0.0, Culture=neutral, PublicKeyToken=b03f5f7f11d50a3a\" codeBase=\"C:\\Program Files\\dotnet\\sdk\\5.0.403\\vstest.console.dll\" enabled=\"True\" />\r\n    </Loggers>\r\n  </LoggerRunSettings>\r\n  <DataCollectionRunSettings>\r\n    <DataCollectors>\r\n      <DataCollector friendlyName=\"blame\" enabled=\"True\">\r\n        <Configuration>\r\n          <ResultsDirectory>\\\\adir.hull.ac.uk\\home\\690\\690085\\Unit Testing\\LabFiles\\CodeCoverageTest\\bin\\Debug\\netcoreapp3.1\\fine-code-coverage\\coverage-tool-output</ResultsDirectory>\r\n        </Configuration>\r\n      </DataCollector>\r\n    </DataCollectors>\r\n  </DataCollectionRunSettings>\r\n</RunSettings>","TestExecutionContext":{"FrequencyOfRunStatsChangeEvent":10,"RunStatsChangeEventTimeout":"00:00:01.5000000","InIsolation":false,"KeepAlive":false,"AreTestCaseLevelEventsRequired":false,"IsDebug":false,"TestCaseFilter":null,"FilterOptions":null},"Package":null}}
TpTrace Verbose: 0 : 2312, 6, 2021/11/20, 15:00:17.874, 118858545245, vstest.console.dll, TcpClientExtensions.MessageLoopAsync: NotifyDataAvailable remoteEndPoint: 127.0.0.1:54721 localEndPoint: 127.0.0.1:54720
TpTrace Verbose: 0 : 2312, 6, 2021/11/20, 15:00:17.875, 118858559130, vstest.console.dll, TestRequestSender.OnExecutionMessageReceived: Received message: {"Version":2,"MessageType":"TestExecution.Completed","Payload":{"TestRunCompleteArgs":{"TestRunStatistics":{"ExecutedTests":2,"Stats":{"Passed":2}},"IsCanceled":false,"IsAborted":false,"Error":null,"AttachmentSets":[],"ElapsedTimeInRunningTests":"00:00:00.2020858","Metrics":{}},"LastRunTests":{"NewTestResults":[{"TestCase":{"Id":"62c5ef33-2c25-187d-3edb-0557ee6f54c7","FullyQualifiedName":"CodeCoverageTest.CodeCoverageTestCases.TestDivide","DisplayName":"TestDivide","ExecutorUri":"executor://MSTestAdapter/v2","Source":"\\\\adir.hull.ac.uk\\home\\690\\690085\\Unit Testing\\LabFiles\\CodeCoverageTest\\bin\\Debug\\netcoreapp3.1\\fine-code-coverage\\build-output\\CodeCoverageTest.dll","CodeFilePath":null,"LineNumber":-1,"Properties":[{"Key":{"Id":"MSTestDiscoverer.TestClassName","Label":"ClassName","Category":"","Description":"","Attributes":1,"ValueType":"System.String"},"Value":"CodeCoverageTest.CodeCoverageTestCases"},{"Key":{"Id":"TestObject.Traits","Label":"Traits","Category":"","Description":"","Attributes":5,"ValueType":"System.Collections.Generic.KeyValuePair`2[[System.String],[System.String]][]"},"Value":[]}]},"Attachments":[],"Outcome":1,"ErrorMessage":null,"ErrorStackTrace":null,"DisplayName":null,"Messages":[],"ComputerName":null,"Duration":"00:00:00.0241957","StartTime":"2021-11-20T15:00:17.7450296+00:00","EndTime":"2021-11-20T15:00:17.7880643+00:00","Properties":[{"Key":{"Id":"ExecutionId","Label":"ExecutionId","Category":"","Description":"","Attributes":1,"ValueType":"System.Guid"},"Value":"00000000-0000-0000-0000-000000000000"},{"Key":{"Id":"ParentExecId","Label":"ParentExecId","Category":"","Description":"","Attributes":1,"ValueType":"System.Guid"},"Value":"00000000-0000-0000-0000-000000000000"},{"Key":{"Id":"InnerResultsCount","Label":"InnerResultsCount","Category":"","Description":"","Attributes":1,"ValueType":"System.Int32"},"Value":0}]},{"TestCase":{"Id":"4def0fba-b865-107e-e78b-96fb4db28a19","FullyQualifiedName":"CodeCoverageTest.CodeCoverageTestCases.TestDividebyZero","DisplayName":"TestDividebyZero","ExecutorUri":"executor://MSTestAdapter/v2","Source":"\\\\adir.hull.ac.uk\\home\\690\\690085\\Unit Testing\\LabFiles\\CodeCoverageTest\\bin\\Debug\\netcoreapp3.1\\fine-code-coverage\\build-output\\CodeCoverageTest.dll","CodeFilePath":null,"LineNumber":-1,"Properties":[{"Key":{"Id":"MSTestDiscoverer.TestClassName","Label":"ClassName","Category":"","Description":"","Attributes":1,"ValueType":"System.String"},"Value":"CodeCoverageTest.CodeCoverageTestCases"},{"Key":{"Id":"TestObject.Traits","Label":"Traits","Category":"","Description":"","Attributes":5,"ValueType":"System.Collections.Generic.KeyValuePair`2[[System.String],[System.String]][]"},"Value":[]}]},"Attachments":[],"Outcome":1,"ErrorMessage":null,"ErrorStackTrace":null,"DisplayName":null,"Messages":[],"ComputerName":null,"Duration":"00:00:00.0004618","StartTime":"2021-11-20T15:00:17.813907+00:00","EndTime":"2021-11-20T15:00:17.8145104+00:00","Properties":[{"Key":{"Id":"ExecutionId","Label":"ExecutionId","Category":"","Description":"","Attributes":1,"ValueType":"System.Guid"},"Value":"00000000-0000-0000-0000-000000000000"},{"Key":{"Id":"ParentExecId","Label":"ParentExecId","Category":"","Description":"","Attributes":1,"ValueType":"System.Guid"},"Value":"00000000-0000-0000-0000-000000000000"},{"Key":{"Id":"InnerResultsCount","Label":"InnerResultsCount","Category":"","Description":"","Attributes":1,"ValueType":"System.Int32"},"Value":0}]}],"TestRunStatistics":{"ExecutedTests":2,"Stats":{"Passed":2}},"ActiveTests":[]},"RunAttachments":[],"ExecutorUris":["executor://mstestadapter/v2"]}}
TpTrace Verbose: 0 : 2312, 6, 2021/11/20, 15:00:17.877, 118858573776, vstest.console.dll, TestRequestSender.EndSession: Sending end session.
TpTrace Verbose: 0 : 2312, 6, 2021/11/20, 15:00:17.878, 118858583932, vstest.console.dll, ProxyOperationManager.Close: waiting for test host to exit for 100 ms
TpTrace Warning: 0 : 2312, 12, 2021/11/20, 15:00:17.935, 118859156719, vstest.console.dll, TestHostManagerCallbacks.ErrorReceivedCallback Test host standard error line: 
TpTrace Verbose: 0 : 2312, 7, 2021/11/20, 15:00:17.939, 118859191785, vstest.console.dll, TestHostProvider.ExitCallBack: Host exited starting callback.
TpTrace Information: 0 : 2312, 7, 2021/11/20, 15:00:17.940, 118859203784, vstest.console.dll, TestHostManagerCallbacks.ExitCallBack: Testhost processId: 16688 exited with exitcode: 0 error: ''
TpTrace Verbose: 0 : 2312, 7, 2021/11/20, 15:00:17.941, 118859213603, vstest.console.dll, DotnetTestHostManager.OnHostExited: invoking OnHostExited callback
TpTrace Verbose: 0 : 2312, 7, 2021/11/20, 15:00:17.942, 118859224982, vstest.console.dll, CrossPlatEngine.TestHostManagerHostExited: calling on client process exit callback.
TpTrace Information: 0 : 2312, 7, 2021/11/20, 15:00:17.943, 118859233556, vstest.console.dll, TestRequestSender.OnClientProcessExit: Test host process exited. Standard error: 
TpTrace Warning: 0 : 2312, 6, 2021/11/20, 15:00:17.943, 118859233873, vstest.console.dll, ProxyOperationManager: Timed out waiting for test host to exit. Will terminate process.
TpTrace Information: 0 : 2312, 7, 2021/11/20, 15:00:17.944, 118859241880, vstest.console.dll, SocketServer.Stop: Stop server endPoint: 127.0.0.1:54720
TpTrace Information: 0 : 2312, 7, 2021/11/20, 15:00:17.946, 118859260479, vstest.console.dll, SocketServer.Stop: Cancellation requested. Stopping message loop.
TpTrace Verbose: 0 : 2312, 6, 2021/11/20, 15:00:17.948, 118859280612, vstest.console.dll, ProxyDataCollectionManager.InvokeDataCollectionServiceAction: Starting.
TpTrace Information: 0 : 2312, 6, 2021/11/20, 15:00:17.948, 118859289114, vstest.console.dll, ProxyDataCollectionManager.AfterTestRunEnd: Get attachment set for datacollector processId: 16140 port: 54717
TpTrace Verbose: 0 : 2312, 6, 2021/11/20, 15:00:17.949, 118859298256, vstest.console.dll, DataCollectionRequestSender.SendAfterTestRunStartAndGetResult : Send AfterTestRunEnd message with isCancelled: False
TpTrace Verbose: 0 : 2312, 6, 2021/11/20, 15:00:17.960, 118859400233, vstest.console.dll, DataCollectionRequestSender.SendAfterTestRunStartAndGetResult : Received message: (DataCollection.AfterTestRunEndResult) -> {
  "AttachmentSets": [],
  "Metrics": {}
}
TpTrace Information: 0 : 2312, 6, 2021/11/20, 15:00:17.963, 118859432285, vstest.console.dll, ProxyDataCollectionManager.InvokeDataCollectionServiceAction: Completed.
TpTrace Warning: 0 : 2312, 9, 2021/11/20, 15:00:18.013, 118859935477, vstest.console.dll, DataCollectionLauncher.ErrorReceivedCallback datacollector standard error line: 
TpTrace Information: 0 : 2312, 7, 2021/11/20, 15:00:18.017, 118859970454, vstest.console.dll, DataCollectionLauncher.ExitCallBack: Data collector exited with exitcode: 0 error: ''
TpTrace Verbose: 0 : 2312, 6, 2021/11/20, 15:00:18.022, 118860024953, vstest.console.dll, TestRunRequest:SendTestRunStatsChange: Starting.
TpTrace Information: 0 : 2312, 6, 2021/11/20, 15:00:18.023, 118860034827, vstest.console.dll, TestRunRequest:SendTestRunStatsChange: Completed.
TpTrace Verbose: 0 : 2312, 6, 2021/11/20, 15:00:18.024, 118860044007, vstest.console.dll, ParallelProxyExecutionManager: HandlePartialRunComplete: Total completed clients = 1, Run complete = True, Run canceled: False.
TpTrace Verbose: 0 : 2312, 6, 2021/11/20, 15:00:18.040, 118860209107, vstest.console.dll, TestRunRequest:TestRunComplete: Starting. IsAborted:False IsCanceled:False.
TpTrace Verbose: 0 : 2312, 6, 2021/11/20, 15:00:18.041, 118860219195, vstest.console.dll, TestLoggerManager.HandleTestRunComplete: Ignoring as the object is disposed.
TpTrace Information: 0 : 2312, 6, 2021/11/20, 15:00:18.042, 118860229962, vstest.console.dll, TestRunRequest:TestRunComplete: Completed.
TpTrace Verbose: 0 : 2312, 1, 2021/11/20, 15:00:18.043, 118860230268, vstest.console.dll, TestRunRequest.Dispose: Starting.
TpTrace Verbose: 0 : 2312, 6, 2021/11/20, 15:00:18.044, 118860240836, vstest.console.dll, TestRequestSender.SetOperationComplete: Setting operation complete.
TpTrace Information: 0 : 2312, 1, 2021/11/20, 15:00:18.044, 118860249183, vstest.console.dll, TestRunRequest.Dispose: Completed.
TpTrace Information: 0 : 2312, 6, 2021/11/20, 15:00:18.045, 118860258298, vstest.console.dll, SocketServer.Stop: Stop server endPoint: 127.0.0.1:54720
TpTrace Information: 0 : 2312, 6, 2021/11/20, 15:00:18.046, 118860266071, vstest.console.dll, SocketServer.Stop: Cancellation requested. Stopping message loop.
TpTrace Information: 0 : 2312, 1, 2021/11/20, 15:00:18.047, 118860273899, vstest.console.dll, TestRequestManager.RunTests: run tests completed.
TpTrace Information: 0 : 2312, 6, 2021/11/20, 15:00:18.047, 118860273934, vstest.console.dll, SocketServer.PrivateStop: Stop server endPoint: 127.0.0.1:54720 error: 
TpTrace Information: 0 : 2312, 1, 2021/11/20, 15:00:18.048, 118860283595, vstest.console.dll, RunTestsArgumentProcessor:Execute: Test run is completed.
TpTrace Verbose: 0 : 2312, 6, 2021/11/20, 15:00:18.049, 118860293604, vstest.console.dll, LengthPrefixCommunicationChannel.Dispose: Dispose reader and writer.
TpTrace Verbose: 0 : 2312, 1, 2021/11/20, 15:00:18.049, 118860299016, vstest.console.dll, Executor.Execute: Exiting with exit code of 0
TpTrace Information: 0 : 2312, 6, 2021/11/20, 15:00:18.050, 118860305965, vstest.console.dll, SocketServer.Stop: Raise disconnected event endPoint: 127.0.0.1:54720 error: 
